<?xml version="1.0" encoding="UTF-8"?>
<testsuite xmlns:xsi="http://www.w3.org/2001/XMLSchema-instance" xsi:noNamespaceSchemaLocation="https://maven.apache.org/surefire/maven-surefire-plugin/xsd/surefire-test-report-3.0.xsd" version="3.0" name="com.jdc.bot.model.DictionaryTest" time="0.064" tests="22" errors="0" skipped="0" failures="0">
  <properties>
    <property name="java.specification.version" value="21"/>
    <property name="sun.jnu.encoding" value="UTF-8"/>
    <property name="java.class.path" value="/Users/aungthureintun/Documents/Devs/onestop-online/workspace/first-maven-project/target/test-classes:/Users/aungthureintun/Documents/Devs/onestop-online/workspace/first-maven-project/target/classes:/Users/aungthureintun/.m2/repository/org/junit/jupiter/junit-jupiter/5.10.2/junit-jupiter-5.10.2.jar:/Users/aungthureintun/.m2/repository/org/junit/jupiter/junit-jupiter-api/5.10.2/junit-jupiter-api-5.10.2.jar:/Users/aungthureintun/.m2/repository/org/opentest4j/opentest4j/1.3.0/opentest4j-1.3.0.jar:/Users/aungthureintun/.m2/repository/org/junit/platform/junit-platform-commons/1.10.2/junit-platform-commons-1.10.2.jar:/Users/aungthureintun/.m2/repository/org/apiguardian/apiguardian-api/1.1.2/apiguardian-api-1.1.2.jar:/Users/aungthureintun/.m2/repository/org/junit/jupiter/junit-jupiter-params/5.10.2/junit-jupiter-params-5.10.2.jar:/Users/aungthureintun/.m2/repository/org/junit/jupiter/junit-jupiter-engine/5.10.2/junit-jupiter-engine-5.10.2.jar:/Users/aungthureintun/.m2/repository/org/junit/platform/junit-platform-engine/1.10.2/junit-platform-engine-1.10.2.jar:"/>
    <property name="java.vm.vendor" value="Oracle Corporation"/>
    <property name="sun.arch.data.model" value="64"/>
    <property name="java.vendor.url" value="https://java.oracle.com/"/>
    <property name="os.name" value="Mac OS X"/>
    <property name="java.vm.specification.version" value="21"/>
    <property name="sun.java.launcher" value="SUN_STANDARD"/>
    <property name="user.country" value="GB"/>
    <property name="sun.boot.library.path" value="/Library/Java/JavaVirtualMachines/jdk-21.0.2.jdk/Contents/Home/lib"/>
    <property name="sun.java.command" value="/Users/aungthureintun/Documents/Devs/onestop-online/workspace/first-maven-project/target/surefire/surefirebooter-20240624165307557_3.jar /Users/aungthureintun/Documents/Devs/onestop-online/workspace/first-maven-project/target/surefire 2024-06-24T16-53-07_522-jvmRun1 surefire-20240624165307557_1tmp surefire_0-20240624165307557_2tmp"/>
    <property name="http.nonProxyHosts" value="local|*.local|169.254/16|*.169.254/16"/>
    <property name="jdk.debug" value="release"/>
    <property name="surefire.test.class.path" value="/Users/aungthureintun/Documents/Devs/onestop-online/workspace/first-maven-project/target/test-classes:/Users/aungthureintun/Documents/Devs/onestop-online/workspace/first-maven-project/target/classes:/Users/aungthureintun/.m2/repository/org/junit/jupiter/junit-jupiter/5.10.2/junit-jupiter-5.10.2.jar:/Users/aungthureintun/.m2/repository/org/junit/jupiter/junit-jupiter-api/5.10.2/junit-jupiter-api-5.10.2.jar:/Users/aungthureintun/.m2/repository/org/opentest4j/opentest4j/1.3.0/opentest4j-1.3.0.jar:/Users/aungthureintun/.m2/repository/org/junit/platform/junit-platform-commons/1.10.2/junit-platform-commons-1.10.2.jar:/Users/aungthureintun/.m2/repository/org/apiguardian/apiguardian-api/1.1.2/apiguardian-api-1.1.2.jar:/Users/aungthureintun/.m2/repository/org/junit/jupiter/junit-jupiter-params/5.10.2/junit-jupiter-params-5.10.2.jar:/Users/aungthureintun/.m2/repository/org/junit/jupiter/junit-jupiter-engine/5.10.2/junit-jupiter-engine-5.10.2.jar:/Users/aungthureintun/.m2/repository/org/junit/platform/junit-platform-engine/1.10.2/junit-platform-engine-1.10.2.jar:"/>
    <property name="sun.cpu.endian" value="little"/>
    <property name="user.home" value="/Users/aungthureintun"/>
    <property name="user.language" value="en"/>
    <property name="java.specification.vendor" value="Oracle Corporation"/>
    <property name="java.version.date" value="2024-01-16"/>
    <property name="java.home" value="/Library/Java/JavaVirtualMachines/jdk-21.0.2.jdk/Contents/Home"/>
    <property name="file.separator" value="/"/>
    <property name="basedir" value="/Users/aungthureintun/Documents/Devs/onestop-online/workspace/first-maven-project"/>
    <property name="style.color" value="always"/>
    <property name="java.vm.compressedOopsMode" value="Zero based"/>
    <property name="line.separator" value="&#10;"/>
    <property name="java.vm.specification.vendor" value="Oracle Corporation"/>
    <property name="java.specification.name" value="Java Platform API Specification"/>
    <property name="apple.awt.application.name" value="ForkedBooter"/>
    <property name="surefire.real.class.path" value="/Users/aungthureintun/Documents/Devs/onestop-online/workspace/first-maven-project/target/surefire/surefirebooter-20240624165307557_3.jar"/>
    <property name="sun.management.compiler" value="HotSpot 64-Bit Tiered Compilers"/>
    <property name="ftp.nonProxyHosts" value="local|*.local|169.254/16|*.169.254/16"/>
    <property name="java.runtime.version" value="21.0.2+13-LTS-58"/>
    <property name="user.name" value="aungthureintun"/>
    <property name="stdout.encoding" value="UTF-8"/>
    <property name="path.separator" value=":"/>
    <property name="os.version" value="14.5"/>
    <property name="java.runtime.name" value="Java(TM) SE Runtime Environment"/>
    <property name="file.encoding" value="UTF-8"/>
    <property name="java.vm.name" value="Java HotSpot(TM) 64-Bit Server VM"/>
    <property name="localRepository" value="/Users/aungthureintun/.m2/repository"/>
    <property name="java.vendor.url.bug" value="https://bugreport.java.com/bugreport/"/>
    <property name="java.io.tmpdir" value="/var/folders/f_/5mcch_kj1y16pvzxd8d4h66c0000gn/T/"/>
    <property name="java.version" value="21.0.2"/>
    <property name="user.dir" value="/Users/aungthureintun/Documents/Devs/onestop-online/workspace/first-maven-project"/>
    <property name="os.arch" value="aarch64"/>
    <property name="java.vm.specification.name" value="Java Virtual Machine Specification"/>
    <property name="native.encoding" value="UTF-8"/>
    <property name="java.library.path" value="/Users/aungthureintun/Library/Java/Extensions:/Library/Java/Extensions:/Network/Library/Java/Extensions:/System/Library/Java/Extensions:/usr/lib/java:."/>
    <property name="java.vm.info" value="mixed mode, sharing"/>
    <property name="stderr.encoding" value="UTF-8"/>
    <property name="java.vendor" value="Oracle Corporation"/>
    <property name="java.vm.version" value="21.0.2+13-LTS-58"/>
    <property name="sun.io.unicode.encoding" value="UnicodeBig"/>
    <property name="socksNonProxyHosts" value="local|*.local|169.254/16|*.169.254/16"/>
    <property name="java.class.version" value="65.0"/>
  </properties>
  <testcase name="test_register(String, String, int)[1]" classname="com.jdc.bot.model.DictionaryTest" time="0.015"/>
  <testcase name="test_register(String, String, int)[2]" classname="com.jdc.bot.model.DictionaryTest" time="0.001"/>
  <testcase name="test_register(String, String, int)[3]" classname="com.jdc.bot.model.DictionaryTest" time="0.0"/>
  <testcase name="test_register(String, String, int)[4]" classname="com.jdc.bot.model.DictionaryTest" time="0.0"/>
  <testcase name="test_register(String, String, int)[5]" classname="com.jdc.bot.model.DictionaryTest" time="0.0"/>
  <testcase name="test_register(String, String, int)[6]" classname="com.jdc.bot.model.DictionaryTest" time="0.001"/>
  <testcase name="test_register(String, String, int)[7]" classname="com.jdc.bot.model.DictionaryTest" time="0.001"/>
  <testcase name="test_register(String, String, int)[8]" classname="com.jdc.bot.model.DictionaryTest" time="0.001"/>
  <testcase name="test_register(String, String, int)[9]" classname="com.jdc.bot.model.DictionaryTest" time="0.001"/>
  <testcase name="test_register(String, String, int)[10]" classname="com.jdc.bot.model.DictionaryTest" time="0.001"/>
  <testcase name="test_search(String, String)[1]" classname="com.jdc.bot.model.DictionaryTest" time="0.002"/>
  <testcase name="test_search(String, String)[2]" classname="com.jdc.bot.model.DictionaryTest" time="0.0"/>
  <testcase name="test_search(String, String)[3]" classname="com.jdc.bot.model.DictionaryTest" time="0.0"/>
  <testcase name="test_search(String, String)[4]" classname="com.jdc.bot.model.DictionaryTest" time="0.0"/>
  <testcase name="test_search(String, String)[5]" classname="com.jdc.bot.model.DictionaryTest" time="0.0"/>
  <testcase name="test_search(String, String)[6]" classname="com.jdc.bot.model.DictionaryTest" time="0.001"/>
  <testcase name="test_search(String, String)[7]" classname="com.jdc.bot.model.DictionaryTest" time="0.0"/>
  <testcase name="test_search(String, String)[8]" classname="com.jdc.bot.model.DictionaryTest" time="0.0"/>
  <testcase name="test_search(String, String)[9]" classname="com.jdc.bot.model.DictionaryTest" time="0.001"/>
  <testcase name="test_search(String, String)[10]" classname="com.jdc.bot.model.DictionaryTest" time="0.0"/>
  <testcase name="test_search_not_found(String)[1]" classname="com.jdc.bot.model.DictionaryTest" time="0.0"/>
  <testcase name="test_search_not_found(String)[2]" classname="com.jdc.bot.model.DictionaryTest" time="0.0"/>
</testsuite>